c:\users\sandy\desktop\normal map\assignment 2 source code\basic\basic3\debug\vc120.pdb
c:\users\sandy\desktop\normal map\assignment 2 source code\basic\basic3\debug\vc120.idb
c:\users\sandy\desktop\normal map\assignment 2 source code\basic\basic3\debug\bonfire.obj
c:\users\sandy\desktop\normal map\assignment 2 source code\basic\basic3\debug\camera.obj
c:\users\sandy\desktop\normal map\assignment 2 source code\basic\basic3\debug\fireparticleeffect.obj
c:\users\sandy\desktop\normal map\assignment 2 source code\basic\basic3\debug\forestfloor.obj
c:\users\sandy\desktop\normal map\assignment 2 source code\basic\basic3\debug\instancedforest.obj
c:\users\sandy\desktop\normal map\assignment 2 source code\basic\basic3\debug\shadow.obj
c:\users\sandy\desktop\normal map\assignment 2 source code\basic\basic3\debug\shrub.obj
c:\users\sandy\desktop\normal map\assignment 2 source code\basic\basic3\debug\smokeparticleeffect.obj
c:\users\sandy\desktop\normal map\assignment 2 source code\basic\basic3\debug\cylinder.obj
c:\users\sandy\desktop\normal map\assignment 2 source code\basic\basic3\debug\main.obj
c:\users\sandy\desktop\normal map\assignment 2 source code\basic\basic3\debug\skybox.obj
c:\users\sandy\desktop\normal map\assignment 2 source code\basic\basic3\debug\terrain_object.obj
c:\users\sandy\desktop\normal map\assignment 2 source code\basic\basic3\debug\textureloader.obj
c:\users\sandy\desktop\normal map\assignment 2 source code\basic\basic3\debug\wrapper_glfw.obj
c:\users\sandy\desktop\normal map\assignment 2 source code\basic\debug\basic.ilk
c:\users\sandy\desktop\normal map\assignment 2 source code\basic\debug\basic.exe
c:\users\sandy\desktop\normal map\assignment 2 source code\basic\debug\basic.pdb
c:\users\sandy\desktop\normal map\assignment 2 source code\basic\basic3\debug\fireworkparticleeffect.obj
c:\users\sandy\desktop\normal map\assignment 2 source code\basic\basic3\debug\hemisphereskybox.obj
c:\users\sandy\desktop\normal map\assignment 2 source code\basic\basic3\debug\rock.obj
c:\users\sandy\desktop\normal map\assignment 2 source code\basic\basic3\debug\basic.tlog\cl.command.1.tlog
c:\users\sandy\desktop\normal map\assignment 2 source code\basic\basic3\debug\basic.tlog\cl.read.1.tlog
c:\users\sandy\desktop\normal map\assignment 2 source code\basic\basic3\debug\basic.tlog\cl.write.1.tlog
c:\users\sandy\desktop\normal map\assignment 2 source code\basic\basic3\debug\basic.tlog\link.command.1.tlog
c:\users\sandy\desktop\normal map\assignment 2 source code\basic\basic3\debug\basic.tlog\link.read.1.tlog
c:\users\sandy\desktop\normal map\assignment 2 source code\basic\basic3\debug\basic.tlog\link.write.1.tlog
