Build started 11/01/2015 14:59:31.
     1>Project "C:\Users\Sandy\Desktop\normal map\Assignment 2 Source Code\basic\basic3\basic3.vcxproj" on node 2 (Build target(s)).
     1>ClCompile:
         C:\Program Files (x86)\Microsoft Visual Studio 12.0\VC\bin\CL.exe /c /ZI /nologo /W3 /WX- /Od /Oy- /D WIN32 /D _DEBUG /D _CONSOLE /D _LIB /D _UNICODE /D UNICODE /Gm /EHsc /RTC1 /MDd /GS- /fp:precise /Zc:wchar_t /Zc:forScope /Fo"Debug\\" /Fd"Debug\vc120.pdb" /Gd /TP /analyze- /errorReport:prompt Bonfire.cpp Camera.cpp FireParticleEffect.cpp ForestFloor.cpp InstancedForest.cpp Shadow.cpp Shrub.cpp SmokeParticleEffect.cpp Cylinder.cpp Main.cpp Skybox.cpp terrain_object.cpp TextureLoader.cpp wrapper_glfw.cpp
         wrapper_glfw.cpp
     1>c:\users\sandy\desktop\normal map\assignment 2 source code\basic\basic3\wrapper_glfw.cpp(272): warning C4101: 'e' : unreferenced local variable
         TextureLoader.cpp
     1>c:\users\sandy\desktop\normal map\assignment 2 source code\basic\basic3\textureloader.cpp(6): warning C4068: unknown pragma
     1>c:\users\sandy\desktop\normal map\assignment 2 source code\basic\basic3\textureloader.cpp(44): warning C4101: 'e' : unreferenced local variable
     1>c:\users\sandy\desktop\normal map\assignment 2 source code\basic\basic3\textureloader.cpp(71): warning C4101: 'e' : unreferenced local variable
         terrain_object.cpp
     1>c:\users\sandy\desktop\normal map\assignment 2 source code\basic\basic3\terrain_object.cpp(36): warning C4018: '<' : signed/unsigned mismatch
     1>c:\users\sandy\desktop\normal map\assignment 2 source code\basic\basic3\terrain_object.cpp(38): warning C4018: '<' : signed/unsigned mismatch
     1>c:\users\sandy\desktop\normal map\assignment 2 source code\basic\basic3\terrain_object.cpp(138): warning C4018: '<' : signed/unsigned mismatch
     1>c:\users\sandy\desktop\normal map\assignment 2 source code\basic\basic3\terrain_object.cpp(153): warning C4018: '<' : signed/unsigned mismatch
     1>c:\users\sandy\desktop\normal map\assignment 2 source code\basic\basic3\terrain_object.cpp(158): warning C4018: '<' : signed/unsigned mismatch
     1>c:\users\sandy\desktop\normal map\assignment 2 source code\basic\basic3\terrain_object.cpp(160): warning C4018: '<' : signed/unsigned mismatch
         Skybox.cpp
     1>c:\users\sandy\desktop\normal map\assignment 2 source code\basic\basic3\skybox.cpp(10): warning C4068: unknown pragma
         Main.cpp
         Cylinder.cpp
     1>c:\users\sandy\desktop\normal map\assignment 2 source code\basic\basic3\cylinder.cpp(99): warning C4305: 'initializing' : truncation from 'double' to 'const float'
     1>c:\users\sandy\desktop\normal map\assignment 2 source code\basic\basic3\cylinder.cpp(110): warning C4244: 'argument' : conversion from 'double' to 'float', possible loss of data
     1>c:\users\sandy\desktop\normal map\assignment 2 source code\basic\basic3\cylinder.cpp(111): warning C4244: 'argument' : conversion from 'double' to 'float', possible loss of data
     1>c:\users\sandy\desktop\normal map\assignment 2 source code\basic\basic3\cylinder.cpp(118): warning C4244: 'argument' : conversion from 'double' to 'float', possible loss of data
     1>c:\users\sandy\desktop\normal map\assignment 2 source code\basic\basic3\cylinder.cpp(119): warning C4244: 'argument' : conversion from 'double' to 'float', possible loss of data
     1>c:\users\sandy\desktop\normal map\assignment 2 source code\basic\basic3\cylinder.cpp(140): warning C4244: 'argument' : conversion from 'double' to 'float', possible loss of data
     1>c:\users\sandy\desktop\normal map\assignment 2 source code\basic\basic3\cylinder.cpp(141): warning C4244: 'argument' : conversion from 'double' to 'float', possible loss of data
     1>c:\users\sandy\desktop\normal map\assignment 2 source code\basic\basic3\cylinder.cpp(148): warning C4244: 'argument' : conversion from 'double' to 'float', possible loss of data
     1>c:\users\sandy\desktop\normal map\assignment 2 source code\basic\basic3\cylinder.cpp(149): warning C4244: 'argument' : conversion from 'double' to 'float', possible loss of data
     1>c:\users\sandy\desktop\normal map\assignment 2 source code\basic\basic3\cylinder.cpp(163): warning C4305: 'initializing' : truncation from 'double' to 'const float'
         SmokeParticleEffect.cpp
     1>c:\users\sandy\desktop\normal map\assignment 2 source code\basic\basic3\smokeparticleeffect.cpp(105): warning C4244: '-=' : conversion from 'double' to 'float', possible loss of data
         Shrub.cpp
     1>c:\users\sandy\desktop\normal map\assignment 2 source code\basic\basic3\shrub.cpp(54): warning C4018: '<' : signed/unsigned mismatch
     1>c:\users\sandy\desktop\normal map\assignment 2 source code\basic\basic3\shrub.cpp(62): warning C4018: '<' : signed/unsigned mismatch
         GLM: rotate function taking degrees as a parameter is deprecated. #define GLM_FORCE_RADIANS before including GLM headers to remove this message.
         Shadow.cpp
         InstancedForest.cpp
     1>c:\users\sandy\desktop\normal map\assignment 2 source code\basic\basic3\instancedforest.cpp(97): warning C4156: deletion of an array expression without using the array form of 'delete'; array form substituted
     1>c:\users\sandy\desktop\normal map\assignment 2 source code\basic\basic3\instancedforest.cpp(98): warning C4156: deletion of an array expression without using the array form of 'delete'; array form substituted
     1>c:\users\sandy\desktop\normal map\assignment 2 source code\basic\basic3\instancedforest.cpp(99): warning C4156: deletion of an array expression without using the array form of 'delete'; array form substituted
     1>c:\users\sandy\desktop\normal map\assignment 2 source code\basic\basic3\instancedforest.cpp(109): warning C4244: 'initializing' : conversion from 'double' to 'GLuint', possible loss of data
     1>c:\users\sandy\desktop\normal map\assignment 2 source code\basic\basic3\instancedforest.cpp(109): warning C4244: '+=' : conversion from 'double' to 'GLuint', possible loss of data
     1>c:\users\sandy\desktop\normal map\assignment 2 source code\basic\basic3\instancedforest.cpp(169): warning C4018: '<' : signed/unsigned mismatch
         GLM: rotate function taking degrees as a parameter is deprecated. #define GLM_FORCE_RADIANS before including GLM headers to remove this message.
         ForestFloor.cpp
     1>c:\users\sandy\desktop\normal map\assignment 2 source code\basic\basic3\forestfloor.cpp(22): warning C4244: 'initializing' : conversion from 'double' to 'GLuint', possible loss of data
     1>c:\users\sandy\desktop\normal map\assignment 2 source code\basic\basic3\forestfloor.cpp(22): warning C4244: '+=' : conversion from 'double' to 'GLuint', possible loss of data
     1>c:\users\sandy\desktop\normal map\assignment 2 source code\basic\basic3\forestfloor.cpp(71): warning C4244: 'initializing' : conversion from 'double' to 'GLuint', possible loss of data
     1>c:\users\sandy\desktop\normal map\assignment 2 source code\basic\basic3\forestfloor.cpp(71): warning C4244: '+=' : conversion from 'double' to 'GLuint', possible loss of data
     1>c:\users\sandy\desktop\normal map\assignment 2 source code\basic\basic3\forestfloor.cpp(86): warning C4018: '<' : signed/unsigned mismatch
     1>c:\users\sandy\desktop\normal map\assignment 2 source code\basic\basic3\forestfloor.cpp(94): warning C4018: '<' : signed/unsigned mismatch
     1>c:\users\sandy\desktop\normal map\assignment 2 source code\basic\basic3\forestfloor.cpp(99): warning C4018: '<' : signed/unsigned mismatch
         FireParticleEffect.cpp
     1>c:\users\sandy\desktop\normal map\assignment 2 source code\basic\basic3\fireparticleeffect.cpp(69): warning C4305: 'argument' : truncation from 'double' to 'GLfloat'
     1>c:\users\sandy\desktop\normal map\assignment 2 source code\basic\basic3\fireparticleeffect.cpp(111): warning C4244: '-=' : conversion from 'double' to 'float', possible loss of data
         Camera.cpp
         GLM: perspective function taking degrees as a parameter is deprecated. #define GLM_FORCE_RADIANS before including GLM headers to remove this message.
         GLM: rotate function taking degrees as a parameter is deprecated. #define GLM_FORCE_RADIANS before including GLM headers to remove this message.
         Bonfire.cpp
     1>c:\users\sandy\desktop\normal map\assignment 2 source code\basic\basic3\bonfire.cpp(19): warning C4305: 'initializing' : truncation from 'double' to 'const float'
     1>c:\users\sandy\desktop\normal map\assignment 2 source code\basic\basic3\bonfire.cpp(29): warning C4244: 'initializing' : conversion from 'double' to 'GLfloat', possible loss of data
     1>c:\users\sandy\desktop\normal map\assignment 2 source code\basic\basic3\bonfire.cpp(30): warning C4244: 'initializing' : conversion from 'double' to 'GLfloat', possible loss of data
     1>c:\users\sandy\desktop\normal map\assignment 2 source code\basic\basic3\bonfire.cpp(50): warning C4018: '<' : signed/unsigned mismatch
         GLM: rotate function taking degrees as a parameter is deprecated. #define GLM_FORCE_RADIANS before including GLM headers to remove this message.
         Generating Code...
       Link:
         C:\Program Files (x86)\Microsoft Visual Studio 12.0\VC\bin\link.exe /ERRORREPORT:PROMPT /OUT:"C:\Users\Sandy\Desktop\normal map\Assignment 2 Source Code\basic\Debug\basic.exe" /INCREMENTAL /NOLOGO kernel32.lib user32.lib gdi32.lib winspool.lib comdlg32.lib advapi32.lib shell32.lib ole32.lib oleaut32.lib uuid.lib odbc32.lib odbccp32.lib /MANIFEST /MANIFESTUAC:"level='asInvoker' uiAccess='false'" /manifest:embed /DEBUG /PDB:"C:\Users\Sandy\Desktop\normal map\Assignment 2 Source Code\basic\Debug\basic.pdb" /SUBSYSTEM:CONSOLE /TLBID:1 /DYNAMICBASE /NXCOMPAT /IMPLIB:"C:\Users\Sandy\Desktop\normal map\Assignment 2 Source Code\basic\Debug\basic.lib" /MACHINE:X86 Debug\Bonfire.obj
         Debug\Camera.obj
         Debug\FireParticleEffect.obj
         Debug\ForestFloor.obj
         Debug\InstancedForest.obj
         Debug\Shadow.obj
         Debug\Shrub.obj
         Debug\SmokeParticleEffect.obj
         Debug\Cylinder.obj
         Debug\Main.obj
         Debug\Skybox.obj
         Debug\terrain_object.obj
         Debug\TextureLoader.obj
         Debug\wrapper_glfw.obj
         ..\..\lib\lib3ds.lib
         SOIL.lib
     1>SOIL.lib(image_DXT.obj) : warning LNK4099: PDB 'vc120.pdb' was not found with 'SOIL.lib(image_DXT.obj)' or at 'C:\Users\Sandy\Desktop\normal map\Assignment 2 Source Code\basic\Debug\vc120.pdb'; linking object as if no debug info
     1>SOIL.lib(image_helper.obj) : warning LNK4099: PDB 'vc120.pdb' was not found with 'SOIL.lib(image_helper.obj)' or at 'C:\Users\Sandy\Desktop\normal map\Assignment 2 Source Code\basic\Debug\vc120.pdb'; linking object as if no debug info
     1>SOIL.lib(SOIL.obj) : warning LNK4099: PDB 'vc120.pdb' was not found with 'SOIL.lib(SOIL.obj)' or at 'C:\Users\Sandy\Desktop\normal map\Assignment 2 Source Code\basic\Debug\vc120.pdb'; linking object as if no debug info
     1>SOIL.lib(stb_image_aug.obj) : warning LNK4099: PDB 'vc120.pdb' was not found with 'SOIL.lib(stb_image_aug.obj)' or at 'C:\Users\Sandy\Desktop\normal map\Assignment 2 Source Code\basic\Debug\vc120.pdb'; linking object as if no debug info
     1>glfw3.lib(context.obj) : warning LNK4099: PDB 'vc120.pdb' was not found with 'glfw3.lib(context.obj)' or at 'C:\Users\Sandy\Desktop\normal map\Assignment 2 Source Code\basic\Debug\vc120.pdb'; linking object as if no debug info
     1>glfw3.lib(gamma.obj) : warning LNK4099: PDB 'vc120.pdb' was not found with 'glfw3.lib(gamma.obj)' or at 'C:\Users\Sandy\Desktop\normal map\Assignment 2 Source Code\basic\Debug\vc120.pdb'; linking object as if no debug info
     1>glfw3.lib(init.obj) : warning LNK4099: PDB 'vc120.pdb' was not found with 'glfw3.lib(init.obj)' or at 'C:\Users\Sandy\Desktop\normal map\Assignment 2 Source Code\basic\Debug\vc120.pdb'; linking object as if no debug info
     1>glfw3.lib(input.obj) : warning LNK4099: PDB 'vc120.pdb' was not found with 'glfw3.lib(input.obj)' or at 'C:\Users\Sandy\Desktop\normal map\Assignment 2 Source Code\basic\Debug\vc120.pdb'; linking object as if no debug info
     1>glfw3.lib(monitor.obj) : warning LNK4099: PDB 'vc120.pdb' was not found with 'glfw3.lib(monitor.obj)' or at 'C:\Users\Sandy\Desktop\normal map\Assignment 2 Source Code\basic\Debug\vc120.pdb'; linking object as if no debug info
     1>glfw3.lib(time.obj) : warning LNK4099: PDB 'vc120.pdb' was not found with 'glfw3.lib(time.obj)' or at 'C:\Users\Sandy\Desktop\normal map\Assignment 2 Source Code\basic\Debug\vc120.pdb'; linking object as if no debug info
     1>glfw3.lib(window.obj) : warning LNK4099: PDB 'vc120.pdb' was not found with 'glfw3.lib(window.obj)' or at 'C:\Users\Sandy\Desktop\normal map\Assignment 2 Source Code\basic\Debug\vc120.pdb'; linking object as if no debug info
     1>glfw3.lib(win32_gamma.obj) : warning LNK4099: PDB 'vc120.pdb' was not found with 'glfw3.lib(win32_gamma.obj)' or at 'C:\Users\Sandy\Desktop\normal map\Assignment 2 Source Code\basic\Debug\vc120.pdb'; linking object as if no debug info
     1>glfw3.lib(win32_init.obj) : warning LNK4099: PDB 'vc120.pdb' was not found with 'glfw3.lib(win32_init.obj)' or at 'C:\Users\Sandy\Desktop\normal map\Assignment 2 Source Code\basic\Debug\vc120.pdb'; linking object as if no debug info
     1>glfw3.lib(win32_joystick.obj) : warning LNK4099: PDB 'vc120.pdb' was not found with 'glfw3.lib(win32_joystick.obj)' or at 'C:\Users\Sandy\Desktop\normal map\Assignment 2 Source Code\basic\Debug\vc120.pdb'; linking object as if no debug info
     1>glfw3.lib(win32_monitor.obj) : warning LNK4099: PDB 'vc120.pdb' was not found with 'glfw3.lib(win32_monitor.obj)' or at 'C:\Users\Sandy\Desktop\normal map\Assignment 2 Source Code\basic\Debug\vc120.pdb'; linking object as if no debug info
     1>glfw3.lib(win32_time.obj) : warning LNK4099: PDB 'vc120.pdb' was not found with 'glfw3.lib(win32_time.obj)' or at 'C:\Users\Sandy\Desktop\normal map\Assignment 2 Source Code\basic\Debug\vc120.pdb'; linking object as if no debug info
     1>glfw3.lib(win32_window.obj) : warning LNK4099: PDB 'vc120.pdb' was not found with 'glfw3.lib(win32_window.obj)' or at 'C:\Users\Sandy\Desktop\normal map\Assignment 2 Source Code\basic\Debug\vc120.pdb'; linking object as if no debug info
     1>glfw3.lib(wgl_context.obj) : warning LNK4099: PDB 'vc120.pdb' was not found with 'glfw3.lib(wgl_context.obj)' or at 'C:\Users\Sandy\Desktop\normal map\Assignment 2 Source Code\basic\Debug\vc120.pdb'; linking object as if no debug info
     1>glloadD.lib(gl_load.obj) : warning LNK4099: PDB 'vc120.pdb' was not found with 'glloadD.lib(gl_load.obj)' or at 'C:\Users\Sandy\Desktop\normal map\Assignment 2 Source Code\basic\Debug\vc120.pdb'; linking object as if no debug info
     1>glloadD.lib(gl_load_cpp.obj) : warning LNK4099: PDB 'vc120.pdb' was not found with 'glloadD.lib(gl_load_cpp.obj)' or at 'C:\Users\Sandy\Desktop\normal map\Assignment 2 Source Code\basic\Debug\vc120.pdb'; linking object as if no debug info
         basic3.vcxproj -> C:\Users\Sandy\Desktop\normal map\Assignment 2 Source Code\basic\Debug\basic.exe
     1>Done Building Project "C:\Users\Sandy\Desktop\normal map\Assignment 2 Source Code\basic\basic3\basic3.vcxproj" (Build target(s)).

Build succeeded.

Time Elapsed 00:00:10.59
